#-----------------------------------------------------------
# Webtalk v2019.2 (64-bit)
# SW Build 2708876 on Wed Nov  6 21:39:14 MST 2019
# 
# Start of session at: Wed Jun 23 08:48:59 2021
# Process ID: 41574
# Current directory: /home/huao/Documents/pma_old/webtalk
# Command line: wbtcv -mode batch -source vitis_webtalk.tcl
# Log file: /home/huao/Documents/pma_old/webtalk/webtalk.log
# Journal file: /home/huao/Documents/pma_old/webtalk/webtalk.jou
#-----------------------------------------------------------
source vitis_webtalk.tcl
# webtalk_init -webtalk_dir /home/huao/Documents/pma_old/webtalk
# webtalk_register_client -client project
# webtalk_add_data -client project -key date_generated -value "2021-06-23 08:48:58" -context "software_version_and_target_device"
# webtalk_add_data -client project -key product_version -value "Vitis v2019.2" -context "software_version_and_target_device"
# webtalk_add_data -client project -key build_version -value "2019.2" -context "software_version_and_target_device"
# webtalk_add_data -client project -key os_platform -value "amd64" -context "software_version_and_target_device"
# webtalk_add_data -client project -key registration_id -value "NA" -context "software_version_and_target_device"
# webtalk_add_data -client project -key tool_flow -value "Vitis" -context "software_version_and_target_device"
# webtalk_add_data -client project -key beta -value "false" -context "software_version_and_target_device"
# webtalk_add_data -client project -key route_design -value "NA" -context "software_version_and_target_device"
# webtalk_add_data -client project -key target_family -value "NA" -context "software_version_and_target_device"
# webtalk_add_data -client project -key target_device -value "NA" -context "software_version_and_target_device"
# webtalk_add_data -client project -key target_package -value "NA" -context "software_version_and_target_device"
# webtalk_add_data -client project -key target_speed -value "NA" -context "software_version_and_target_device"
# webtalk_add_data -client project -key random_id -value "mn0png6loo9e2p1kdg83vkgnm4" -context "software_version_and_target_device"
# webtalk_add_data -client project -key project_id -value "2019.2_85" -context "software_version_and_target_device"
# webtalk_add_data -client project -key project_iteration -value "85" -context "software_version_and_target_device"
# webtalk_add_data -client project -key os_name -value "Ubuntu" -context "user_environment"
# webtalk_add_data -client project -key os_release -value "Ubuntu 18.04.2 LTS" -context "user_environment"
# webtalk_add_data -client project -key cpu_name -value "Intel(R) Xeon(R) Gold 5117 CPU @ 2.00GHz" -context "user_environment"
# webtalk_add_data -client project -key cpu_speed -value "2300.000 MHz" -context "user_environment"
# webtalk_add_data -client project -key total_processors -value "2" -context "user_environment"
# webtalk_add_data -client project -key system_ram -value "540.702 GB" -context "user_environment"
# webtalk_register_client -client vitis
# webtalk_add_data -client vitis -key uid -value "1624092554000" -context "vitis\\\\application/1624092554000"
# webtalk_add_data -client vitis -key project_type -value "datacenter" -context "vitis\\\\application/1624092554000"
# webtalk_add_data -client vitis -key os -value "NA" -context "vitis\\\\application/1624092554000"
# webtalk_add_data -client vitis -key processor -value "NA" -context "vitis\\\\application/1624092554000"
# webtalk_add_data -client vitis -key runtime -value "OpenCL" -context "vitis\\\\application/1624092554000"
# webtalk_add_data -client vitis -key template -value "empty" -context "vitis\\\\application/1624092554000"
# webtalk_add_data -client vitis -key platform -value "xilinx_u250_xdma_201830_2" -context "vitis\\\\application/1624092554000"
# webtalk_add_data -client vitis -key platform_type -value "extensible" -context "vitis\\\\application/1624092554000"
# webtalk_add_data -client vitis -key application_type -value "application" -context "vitis\\\\application/1624092554000"
# webtalk_add_data -client vitis -key platform_source -value "platform" -context "vitis\\\\application/1624092554000"
# webtalk_add_data -client vitis -key device_family -value "virtexuplus" -context "vitis\\\\application/1624092554000"
# webtalk_add_data -client vitis -key fpga -value "xcu250" -context "vitis\\\\application/1624092554000"
# webtalk_add_data -client vitis -key uid -value "NA" -context "vitis\\\\tool/1624409338272"
# webtalk_add_data -client vitis -key RecordType -value "ToolUsage" -context "vitis\\\\tool/1624409338272"
# webtalk_add_data -client vitis -key BOOTGEN_count -value "0" -context "vitis\\\\tool/1624409338272"
# webtalk_add_data -client vitis -key FLASH_count -value "0" -context "vitis\\\\tool/1624409338272"
# webtalk_add_data -client vitis -key MOVE_APP_TO_SYSTEM_count -value "0" -context "vitis\\\\tool/1624409338272"
# webtalk_add_data -client vitis -key SDX_EXPORT_count -value "0" -context "vitis\\\\tool/1624409338272"
# webtalk_add_data -client vitis -key SDX_IMPORT_count -value "0" -context "vitis\\\\tool/1624409338272"
# webtalk_add_data -client vitis -key SDX_BUILD_count -value "3" -context "vitis\\\\tool/1624409338272"
# webtalk_add_data -client vitis -key SDX_NO_OP_BUILD_count -value "6" -context "vitis\\\\tool/1624409338272"
# webtalk_add_data -client vitis -key TCF_APP_DEBUG_count -value "0" -context "vitis\\\\tool/1624409338272"
# webtalk_add_data -client vitis -key TCF_SYSTEM_DEBUG_count -value "0" -context "vitis\\\\tool/1624409338272"
# webtalk_add_data -client vitis -key GDB_DEBUG_count -value "0" -context "vitis\\\\tool/1624409338272"
# webtalk_add_data -client vitis -key QEMU_DEBUG_count -value "0" -context "vitis\\\\tool/1624409338272"
# webtalk_add_data -client vitis -key ESTIMATION_DEBUG_count -value "0" -context "vitis\\\\tool/1624409338272"
# webtalk_add_data -client vitis -key SDSOC_TRACE_count -value "0" -context "vitis\\\\tool/1624409338272"
# webtalk_add_data -client vitis -key PERFORMANCE_ANALYSIS_count -value "0" -context "vitis\\\\tool/1624409338272"
# webtalk_add_data -client vitis -key SPM_ANALYSIS_count -value "0" -context "vitis\\\\tool/1624409338272"
# webtalk_add_data -client vitis -key CROSS_TRIGGER_count -value "0" -context "vitis\\\\tool/1624409338272"
# webtalk_add_data -client vitis -key TCF_PROFILER_count -value "0" -context "vitis\\\\tool/1624409338272"
# webtalk_add_data -client vitis -key APPLICATION_PLATFORM_CHANGE_count -value "0" -context "vitis\\\\tool/1624409338272"
# webtalk_add_data -client vitis -key APPLICATION_SYS_CONFIG_CHANGE_count -value "0" -context "vitis\\\\tool/1624409338272"
# webtalk_add_data -client vitis -key SYSTEM_PLATFORM_CHANGE_count -value "0" -context "vitis\\\\tool/1624409338272"
# webtalk_transmit -clientid 490128873 -regid "" -xml /home/huao/Documents/pma_old/webtalk/usage_statistics_ext_vitis.xml -html /home/huao/Documents/pma_old/webtalk/usage_statistics_ext_vitis.html -wdm /home/huao/Documents/pma_old/webtalk/vitis_webtalk.wdm -intro "<H3>Vitis Usage Report</H3><BR>"
# webtalk_terminate
INFO: [Common 17-206] Exiting Webtalk at Wed Jun 23 08:49:00 2021...
